TN:
SF:src/index.ts
FN:11,(anonymous_0)
FN:15,(anonymous_1)
FN:20,(anonymous_2)
FN:26,(anonymous_3)
FN:37,(anonymous_4)
FN:43,(anonymous_5)
FN:58,(anonymous_6)
FN:76,(anonymous_7)
FN:82,(anonymous_8)
FN:100,(anonymous_9)
FN:107,(anonymous_10)
FNF:11
FNH:1
FNDA:0,(anonymous_0)
FNDA:0,(anonymous_1)
FNDA:0,(anonymous_2)
FNDA:0,(anonymous_3)
FNDA:0,(anonymous_4)
FNDA:0,(anonymous_5)
FNDA:2,(anonymous_6)
FNDA:0,(anonymous_7)
FNDA:0,(anonymous_8)
FNDA:0,(anonymous_9)
FNDA:0,(anonymous_10)
DA:2,1
DA:3,1
DA:4,1
DA:5,1
DA:6,1
DA:7,1
DA:9,1
DA:11,1
DA:12,0
DA:15,1
DA:16,0
DA:17,0
DA:20,1
DA:21,0
DA:22,0
DA:23,0
DA:26,1
DA:27,0
DA:28,0
DA:33,0
DA:37,1
DA:38,0
DA:39,0
DA:40,0
DA:43,1
DA:44,0
DA:45,0
DA:46,0
DA:51,0
DA:58,1
DA:59,2
DA:62,2
DA:63,1
DA:64,1
DA:65,0
DA:68,1
DA:71,2
DA:76,1
DA:77,0
DA:78,0
DA:79,0
DA:82,1
DA:83,0
DA:85,0
DA:86,0
DA:89,0
DA:90,0
DA:95,0
DA:100,1
DA:101,0
DA:102,0
DA:103,0
DA:107,1
DA:108,0
DA:109,0
DA:110,0
DA:115,0
DA:120,1
LF:58
LH:25
BRDA:62,0,0,1
BRDA:62,0,1,1
BRDA:64,1,0,0
BRDA:85,2,0,0
BRF:4
BRH:2
end_of_record
TN:
SF:src/db/index.ts
FNF:0
FNH:0
DA:1,1
DA:2,1
DA:3,1
DA:5,1
DA:6,1
DA:8,1
LF:6
LH:6
BRF:0
BRH:0
end_of_record
TN:
SF:src/db/schema.ts
FN:11,(anonymous_0)
FNF:1
FNH:0
FNDA:0,(anonymous_0)
DA:1,1
DA:5,1
DA:11,0
DA:15,1
LF:4
LH:3
BRF:0
BRH:0
end_of_record
TN:
SF:src/services/tasks.ts
FN:8,(anonymous_0)
FN:13,(anonymous_1)
FNF:2
FNH:0
FNDA:0,(anonymous_0)
FNDA:0,(anonymous_1)
DA:2,1
DA:3,1
DA:4,1
DA:6,1
DA:9,0
DA:14,0
LF:6
LH:4
BRF:0
BRH:0
end_of_record
